2023-09-14T16:53:04.816+02:00  INFO 22484 --- [main] c.e.b.BackProxiBanqueApplication         : Starting BackProxiBanqueApplication using Java 17.0.7 with PID 22484 (C:\Users\wouab\intelliji\ProjetSoutenanceBack\target\classes started by wouab in C:\Users\wouab\intelliji\ProjetSoutenanceBack)
2023-09-14T16:53:04.818+02:00  INFO 22484 --- [main] c.e.b.BackProxiBanqueApplication         : No active profile set, falling back to 1 default profile: "default"
2023-09-14T16:53:05.426+02:00  INFO 22484 --- [main] .s.d.r.c.RepositoryConfigurationDelegate : Bootstrapping Spring Data JPA repositories in DEFAULT mode.
2023-09-14T16:53:05.499+02:00  INFO 22484 --- [main] .s.d.r.c.RepositoryConfigurationDelegate : Finished Spring Data repository scanning in 65 ms. Found 4 JPA repository interfaces.
2023-09-14T16:53:05.979+02:00  INFO 22484 --- [main] o.s.b.w.embedded.tomcat.TomcatWebServer  : Tomcat initialized with port(s): 8080 (http)
2023-09-14T16:53:05.989+02:00  INFO 22484 --- [main] o.apache.catalina.core.StandardService   : Starting service [Tomcat]
2023-09-14T16:53:05.989+02:00  INFO 22484 --- [main] o.apache.catalina.core.StandardEngine    : Starting Servlet engine: [Apache Tomcat/10.1.12]
2023-09-14T16:53:06.064+02:00  INFO 22484 --- [main] o.a.c.c.C.[Tomcat].[localhost].[/]       : Initializing Spring embedded WebApplicationContext
2023-09-14T16:53:06.064+02:00  INFO 22484 --- [main] w.s.c.ServletWebServerApplicationContext : Root WebApplicationContext: initialization completed in 1195 ms
2023-09-14T16:53:06.180+02:00  INFO 22484 --- [main] com.zaxxer.hikari.HikariDataSource       : HikariPool-1 - Starting...
2023-09-14T16:53:06.333+02:00  INFO 22484 --- [main] com.zaxxer.hikari.pool.HikariPool        : HikariPool-1 - Added connection org.postgresql.jdbc.PgConnection@3d620a1
2023-09-14T16:53:06.336+02:00  INFO 22484 --- [main] com.zaxxer.hikari.HikariDataSource       : HikariPool-1 - Start completed.
2023-09-14T16:53:06.370+02:00  INFO 22484 --- [main] o.hibernate.jpa.internal.util.LogHelper  : HHH000204: Processing PersistenceUnitInfo [name: default]
2023-09-14T16:53:06.415+02:00  INFO 22484 --- [main] org.hibernate.Version                    : HHH000412: Hibernate ORM core version 6.2.7.Final
2023-09-14T16:53:06.417+02:00  INFO 22484 --- [main] org.hibernate.cfg.Environment            : HHH000406: Using bytecode reflection optimizer
2023-09-14T16:53:06.537+02:00  INFO 22484 --- [main] o.h.b.i.BytecodeProviderInitiator        : HHH000021: Bytecode provider name : bytebuddy
2023-09-14T16:53:06.688+02:00  INFO 22484 --- [main] o.s.o.j.p.SpringPersistenceUnitInfo      : No LoadTimeWeaver setup: ignoring JPA class transformer
2023-09-14T16:53:06.939+02:00  INFO 22484 --- [main] o.h.b.i.BytecodeProviderInitiator        : HHH000021: Bytecode provider name : bytebuddy
2023-09-14T16:53:07.595+02:00  INFO 22484 --- [main] o.h.e.t.j.p.i.JtaPlatformInitiator       : HHH000490: Using JtaPlatform implementation: [org.hibernate.engine.transaction.jta.platform.internal.NoJtaPlatform]
2023-09-14T16:53:07.599+02:00  INFO 22484 --- [main] j.LocalContainerEntityManagerFactoryBean : Initialized JPA EntityManagerFactory for persistence unit 'default'
2023-09-14T16:53:07.998+02:00  WARN 22484 --- [main] JpaBaseConfiguration$JpaWebConfiguration : spring.jpa.open-in-view is enabled by default. Therefore, database queries may be performed during view rendering. Explicitly configure spring.jpa.open-in-view to disable this warning
2023-09-14T16:53:08.295+02:00  INFO 22484 --- [main] o.s.b.w.embedded.tomcat.TomcatWebServer  : Tomcat started on port(s): 8080 (http) with context path ''
2023-09-14T16:53:08.303+02:00  INFO 22484 --- [main] c.e.b.BackProxiBanqueApplication         : Started BackProxiBanqueApplication in 3.904 seconds (process running for 4.428)
2023-09-14T16:54:15.729+02:00  INFO 22484 --- [http-nio-8080-exec-2] o.a.c.c.C.[Tomcat].[localhost].[/]       : Initializing Spring DispatcherServlet 'dispatcherServlet'
2023-09-14T16:54:15.729+02:00  INFO 22484 --- [http-nio-8080-exec-2] o.s.web.servlet.DispatcherServlet        : Initializing Servlet 'dispatcherServlet'
2023-09-14T16:54:15.730+02:00  INFO 22484 --- [http-nio-8080-exec-2] o.s.web.servlet.DispatcherServlet        : Completed initialization in 0 ms
2023-09-14T16:54:22.988+02:00  INFO 22484 --- [http-nio-8080-exec-5] c.e.b.s.imp.CompteBancaireServicesImp    : Le compte3 a été supprimé
2023-09-14T16:56:06.289+02:00  INFO 22484 --- [SpringApplicationShutdownHook] j.LocalContainerEntityManagerFactoryBean : Closing JPA EntityManagerFactory for persistence unit 'default'
2023-09-14T16:56:06.290+02:00  INFO 22484 --- [SpringApplicationShutdownHook] com.zaxxer.hikari.HikariDataSource       : HikariPool-1 - Shutdown initiated...
2023-09-14T16:56:06.295+02:00  INFO 22484 --- [SpringApplicationShutdownHook] com.zaxxer.hikari.HikariDataSource       : HikariPool-1 - Shutdown completed.
